<?xml version="1.0" encoding="UTF-8"?>
<testsuite xmlns:xsi="http://www.w3.org/2001/XMLSchema-instance" xsi:noNamespaceSchemaLocation="https://maven.apache.org/surefire/maven-surefire-plugin/xsd/surefire-test-report.xsd" name="portfolio.datastructure.linkedlist.LinkedListTest" time="0.001" tests="8" errors="0" skipped="0" failures="0">
  <properties>
    <property name="gopherProxySet" value="false"/>
    <property name="awt.toolkit" value="sun.lwawt.macosx.LWCToolkit"/>
    <property name="java.specification.version" value="10"/>
    <property name="file.encoding.pkg" value="sun.io"/>
    <property name="sun.cpu.isalist" value=""/>
    <property name="sun.jnu.encoding" value="UTF-8"/>
    <property name="java.class.path" value="/Users/jerryjasperson/devhome/source/personal/portfolio/portfolio/datastructure/linked_list/target/test-classes:/Users/jerryjasperson/devhome/source/personal/portfolio/portfolio/datastructure/linked_list/target/classes:/usr/local/Library/.m2/repository/org/junit/jupiter/junit-jupiter-api/5.4.2/junit-jupiter-api-5.4.2.jar:/usr/local/Library/.m2/repository/org/apiguardian/apiguardian-api/1.0.0/apiguardian-api-1.0.0.jar:/usr/local/Library/.m2/repository/org/opentest4j/opentest4j/1.1.1/opentest4j-1.1.1.jar:/usr/local/Library/.m2/repository/org/junit/platform/junit-platform-commons/1.4.2/junit-platform-commons-1.4.2.jar:/usr/local/Library/.m2/repository/org/junit/jupiter/junit-jupiter-engine/5.4.2/junit-jupiter-engine-5.4.2.jar:/usr/local/Library/.m2/repository/org/junit/platform/junit-platform-engine/1.4.2/junit-platform-engine-1.4.2.jar:"/>
    <property name="java.vm.vendor" value="&quot;Oracle Corporation&quot;"/>
    <property name="sun.arch.data.model" value="64"/>
    <property name="java.vendor.url" value="http://java.oracle.com/"/>
    <property name="user.timezone" value=""/>
    <property name="java.vm.specification.version" value="10"/>
    <property name="os.name" value="Mac OS X"/>
    <property name="sun.java.launcher" value="SUN_STANDARD"/>
    <property name="user.country" value="US"/>
    <property name="sun.boot.library.path" value="/Library/Java/JavaVirtualMachines/jdk-10.0.2.jdk/Contents/Home/lib"/>
    <property name="sun.java.command" value="/Users/jerryjasperson/devhome/source/personal/portfolio/portfolio/datastructure/linked_list/target/surefire/surefirebooter3403206560988173498.jar /Users/jerryjasperson/devhome/source/personal/portfolio/portfolio/datastructure/linked_list/target/surefire 2019-04-30T14-13-39_019-jvmRun1 surefire621059873748828062tmp surefire_015027447185587270153tmp"/>
    <property name="jdk.debug" value="release"/>
    <property name="surefire.test.class.path" value="/Users/jerryjasperson/devhome/source/personal/portfolio/portfolio/datastructure/linked_list/target/test-classes:/Users/jerryjasperson/devhome/source/personal/portfolio/portfolio/datastructure/linked_list/target/classes:/usr/local/Library/.m2/repository/org/junit/jupiter/junit-jupiter-api/5.4.2/junit-jupiter-api-5.4.2.jar:/usr/local/Library/.m2/repository/org/apiguardian/apiguardian-api/1.0.0/apiguardian-api-1.0.0.jar:/usr/local/Library/.m2/repository/org/opentest4j/opentest4j/1.1.1/opentest4j-1.1.1.jar:/usr/local/Library/.m2/repository/org/junit/platform/junit-platform-commons/1.4.2/junit-platform-commons-1.4.2.jar:/usr/local/Library/.m2/repository/org/junit/jupiter/junit-jupiter-engine/5.4.2/junit-jupiter-engine-5.4.2.jar:/usr/local/Library/.m2/repository/org/junit/platform/junit-platform-engine/1.4.2/junit-platform-engine-1.4.2.jar:"/>
    <property name="sun.cpu.endian" value="little"/>
    <property name="user.home" value="/Users/jerryjasperson"/>
    <property name="user.language" value="en"/>
    <property name="java.specification.vendor" value="Oracle Corporation"/>
    <property name="java.version.date" value="2018-07-17"/>
    <property name="java.home" value="/Library/Java/JavaVirtualMachines/jdk-10.0.2.jdk/Contents/Home"/>
    <property name="file.separator" value="/"/>
    <property name="basedir" value="/Users/jerryjasperson/devhome/source/personal/portfolio/portfolio/datastructure/linked_list"/>
    <property name="java.vm.compressedOopsMode" value="Zero based"/>
    <property name="line.separator" value="&#10;"/>
    <property name="java.specification.name" value="Java Platform API Specification"/>
    <property name="java.vm.specification.vendor" value="Oracle Corporation"/>
    <property name="java.awt.graphicsenv" value="sun.awt.CGraphicsEnvironment"/>
    <property name="surefire.real.class.path" value="/Users/jerryjasperson/devhome/source/personal/portfolio/portfolio/datastructure/linked_list/target/surefire/surefirebooter3403206560988173498.jar"/>
    <property name="sun.management.compiler" value="HotSpot 64-Bit Tiered Compilers"/>
    <property name="java.runtime.version" value="10.0.2+13"/>
    <property name="user.name" value="jerryjasperson"/>
    <property name="path.separator" value=":"/>
    <property name="os.version" value="10.14.4"/>
    <property name="java.runtime.name" value="Java(TM) SE Runtime Environment"/>
    <property name="file.encoding" value="UTF-8"/>
    <property name="java.vm.name" value="Java HotSpot(TM) 64-Bit Server VM"/>
    <property name="java.vendor.version" value="18.3"/>
    <property name="localRepository" value="/usr/local/Library/.m2/repository"/>
    <property name="java.vendor.url.bug" value="http://bugreport.java.com/bugreport/"/>
    <property name="java.io.tmpdir" value="/var/folders/vf/45pg3b3x6l99cw4x_j05xl_c0000gn/T/"/>
    <property name="java.version" value="10.0.2"/>
    <property name="user.dir" value="/Users/jerryjasperson/devhome/source/personal/portfolio/portfolio/datastructure/linked_list"/>
    <property name="os.arch" value="x86_64"/>
    <property name="java.vm.specification.name" value="Java Virtual Machine Specification"/>
    <property name="java.awt.printerjob" value="sun.lwawt.macosx.CPrinterJob"/>
    <property name="sun.os.patch.level" value="unknown"/>
    <property name="java.library.path" value="/Users/jerryjasperson/Library/Java/Extensions:/Library/Java/Extensions:/Network/Library/Java/Extensions:/System/Library/Java/Extensions:/usr/lib/java:."/>
    <property name="java.vendor" value="Oracle Corporation"/>
    <property name="java.vm.info" value="mixed mode"/>
    <property name="java.vm.version" value="10.0.2+13"/>
    <property name="sun.io.unicode.encoding" value="UnicodeBig"/>
    <property name="java.class.version" value="54.0"/>
  </properties>
  <testcase name="testDelete_EmptyList" classname="portfolio.datastructure.linkedlist.LinkedListTest" time="0"/>
  <testcase name="testDeleteSpecific_ElementIsNotTheFirstInTheList" classname="portfolio.datastructure.linkedlist.LinkedListTest" time="0"/>
  <testcase name="testDeleteSpecific_SingleItemInList" classname="portfolio.datastructure.linkedlist.LinkedListTest" time="0"/>
  <testcase name="testDeleteSpecific_NotInList" classname="portfolio.datastructure.linkedlist.LinkedListTest" time="0"/>
  <testcase name="testInsert_Length_Search_ToArray" classname="portfolio.datastructure.linkedlist.LinkedListTest" time="0"/>
  <testcase name="testConstruction_Length_Search_ToArray" classname="portfolio.datastructure.linkedlist.LinkedListTest" time="0"/>
  <testcase name="testDelete_SingleItemInList" classname="portfolio.datastructure.linkedlist.LinkedListTest" time="0"/>
  <testcase name="testDeleteSpecific_EmptyList" classname="portfolio.datastructure.linkedlist.LinkedListTest" time="0"/>
</testsuite>